[35m[1mConsolidate compiler generated dependencies of target mimi_camera[0m
[ 50%] [32mBuilding CXX object CMakeFiles/mimi_camera.dir/src/mimi_camera.cpp.o[0m
[01m[K/home/mimi/mimi_ros2_ws/src/mimi_head/src/mimi_camera.cpp:[m[K In constructor â€˜[01m[KMimiCameraNode::MimiCameraNode()[m[Kâ€™:
[01m[K/home/mimi/mimi_ros2_ws/src/mimi_head/src/mimi_camera.cpp:23:28:[m[K [01;31m[Kerror: [m[Kâ€˜[01m[KsignalHandler[m[Kâ€™ was not declared in this scope; did you mean â€˜[01m[Ksa_handler[m[Kâ€™?
   23 |             signal(SIGINT, [01;31m[KsignalHandler[m[K);
      |                            [01;31m[K^~~~~~~~~~~~~[m[K
      |                            [32m[Ksa_handler[m[K
[01m[K/home/mimi/mimi_ros2_ws/src/mimi_head/src/mimi_camera.cpp:[m[K In function â€˜[01m[Kvoid signalHandler(int)[m[Kâ€™:
[01m[K/home/mimi/mimi_ros2_ws/src/mimi_head/src/mimi_camera.cpp:141:24:[m[K [01;35m[Kwarning: [m[Kunused parameter â€˜[01m[Ksignal[m[Kâ€™ [[01;35m[K]8;;https://gcc.gnu.org/onlinedocs/gcc/Warning-Options.html#index-Wunused-parameter-Wunused-parameter]8;;[m[K]
  141 | void signalHandler([01;35m[Kint signal[m[K)
      |                    [01;35m[K~~~~^~~~~~[m[K
gmake[2]: *** [CMakeFiles/mimi_camera.dir/build.make:76: CMakeFiles/mimi_camera.dir/src/mimi_camera.cpp.o] Error 1
gmake[1]: *** [CMakeFiles/Makefile2:137: CMakeFiles/mimi_camera.dir/all] Error 2
gmake: *** [Makefile:146: all] Error 2
