<?xml version="1.0" encoding="UTF-8"?>
<Site BuildName="(empty)"
	BuildStamp="20230717-1659-Experimental"
	Name="ModelPi"
	Generator="ctest-3.22.1"
	CompilerName="/usr/bin/aarch64-linux-gnu-g++"
	CompilerVersion="11.3.0"
	OSName="Linux"
	Hostname="MimiPi"
	OSRelease="5.15.0-1033-raspi"
	OSVersion="#36-Ubuntu SMP PREEMPT Thu Jun 22 08:10:31 UTC 2023"
	OSPlatform="aarch64"
	Is64Bits="1"
	VendorString=""
	VendorID="Unknown Manufacturer"
	FamilyID="8"
	ModelID="0"
	ProcessorCacheSize="0"
	NumberOfLogicalCPU="4"
	NumberOfPhysicalCPU="1"
	TotalVirtualMemory="1023"
	TotalPhysicalMemory="3790"
	LogicalProcessorsPerPhysical="4"
	ProcessorClockFrequency="0"
	>
	<Testing>
		<StartDateTime>Jul 18 02:46 +07</StartDateTime>
		<StartTestTime>1689623163</StartTestTime>
		<TestList/>
		<EndDateTime>Jul 18 02:46 +07</EndDateTime>
		<EndTestTime>1689623163</EndTestTime>
		<ElapsedMinutes>0</ElapsedMinutes>
	</Testing>
</Site>
